This is pdfTeX, Version 3.14159265-2.6-1.40.18 (TeX Live 2017/Debian) (preloaded format=pdflatex 2018.10.12)  10 MAR 2019 12:10
entering extended mode
 restricted \write18 enabled.
 %&-line parsing enabled.
**document.tex
(./document.tex
LaTeX2e <2017-04-15>
Babel <3.18> and hyphenation patterns for 84 language(s) loaded.
(/usr/share/texlive/texmf-dist/tex/latex/base/article.cls
Document Class: article 2014/09/29 v1.4h Standard LaTeX document class
(/usr/share/texlive/texmf-dist/tex/latex/base/size10.clo
File: size10.clo 2014/09/29 v1.4h Standard LaTeX file (size option)
)
\c@part=\count79
\c@section=\count80
\c@subsection=\count81
\c@subsubsection=\count82
\c@paragraph=\count83
\c@subparagraph=\count84
\c@figure=\count85
\c@table=\count86
\abovecaptionskip=\skip41
\belowcaptionskip=\skip42
\bibindent=\dimen102
)
(/usr/share/texlive/texmf-dist/tex/latex/base/inputenc.sty
Package: inputenc 2015/03/17 v1.2c Input encoding file
\inpenc@prehook=\toks14
\inpenc@posthook=\toks15

(/usr/share/texlive/texmf-dist/tex/latex/base/utf8.def
File: utf8.def 2017/01/28 v1.1t UTF-8 support for inputenc
Now handling font encoding OML ...
... no UTF-8 mapping file for font encoding OML
Now handling font encoding T1 ...
... processing UTF-8 mapping file for font encoding T1

(/usr/share/texlive/texmf-dist/tex/latex/base/t1enc.dfu
File: t1enc.dfu 2017/01/28 v1.1t UTF-8 support for inputenc
   defining Unicode char U+00A0 (decimal 160)
   defining Unicode char U+00A1 (decimal 161)
   defining Unicode char U+00A3 (decimal 163)
   defining Unicode char U+00AB (decimal 171)
   defining Unicode char U+00AD (decimal 173)
   defining Unicode char U+00BB (decimal 187)
   defining Unicode char U+00BF (decimal 191)
   defining Unicode char U+00C0 (decimal 192)
   defining Unicode char U+00C1 (decimal 193)
   defining Unicode char U+00C2 (decimal 194)
   defining Unicode char U+00C3 (decimal 195)
   defining Unicode char U+00C4 (decimal 196)
   defining Unicode char U+00C5 (decimal 197)
   defining Unicode char U+00C6 (decimal 198)
   defining Unicode char U+00C7 (decimal 199)
   defining Unicode char U+00C8 (decimal 200)
   defining Unicode char U+00C9 (decimal 201)
   defining Unicode char U+00CA (decimal 202)
   defining Unicode char U+00CB (decimal 203)
   defining Unicode char U+00CC (decimal 204)
   defining Unicode char U+00CD (decimal 205)
   defining Unicode char U+00CE (decimal 206)
   defining Unicode char U+00CF (decimal 207)
   defining Unicode char U+00D0 (decimal 208)
   defining Unicode char U+00D1 (decimal 209)
   defining Unicode char U+00D2 (decimal 210)
   defining Unicode char U+00D3 (decimal 211)
   defining Unicode char U+00D4 (decimal 212)
   defining Unicode char U+00D5 (decimal 213)
   defining Unicode char U+00D6 (decimal 214)
   defining Unicode char U+00D8 (decimal 216)
   defining Unicode char U+00D9 (decimal 217)
   defining Unicode char U+00DA (decimal 218)
   defining Unicode char U+00DB (decimal 219)
   defining Unicode char U+00DC (decimal 220)
   defining Unicode char U+00DD (decimal 221)
   defining Unicode char U+00DE (decimal 222)
   defining Unicode char U+00DF (decimal 223)
   defining Unicode char U+00E0 (decimal 224)
   defining Unicode char U+00E1 (decimal 225)
   defining Unicode char U+00E2 (decimal 226)
   defining Unicode char U+00E3 (decimal 227)
   defining Unicode char U+00E4 (decimal 228)
   defining Unicode char U+00E5 (decimal 229)
   defining Unicode char U+00E6 (decimal 230)
   defining Unicode char U+00E7 (decimal 231)
   defining Unicode char U+00E8 (decimal 232)
   defining Unicode char U+00E9 (decimal 233)
   defining Unicode char U+00EA (decimal 234)
   defining Unicode char U+00EB (decimal 235)
   defining Unicode char U+00EC (decimal 236)
   defining Unicode char U+00ED (decimal 237)
   defining Unicode char U+00EE (decimal 238)
   defining Unicode char U+00EF (decimal 239)
   defining Unicode char U+00F0 (decimal 240)
   defining Unicode char U+00F1 (decimal 241)
   defining Unicode char U+00F2 (decimal 242)
   defining Unicode char U+00F3 (decimal 243)
   defining Unicode char U+00F4 (decimal 244)
   defining Unicode char U+00F5 (decimal 245)
   defining Unicode char U+00F6 (decimal 246)
   defining Unicode char U+00F8 (decimal 248)
   defining Unicode char U+00F9 (decimal 249)
   defining Unicode char U+00FA (decimal 250)
   defining Unicode char U+00FB (decimal 251)
   defining Unicode char U+00FC (decimal 252)
   defining Unicode char U+00FD (decimal 253)
   defining Unicode char U+00FE (decimal 254)
   defining Unicode char U+00FF (decimal 255)
   defining Unicode char U+0100 (decimal 256)
   defining Unicode char U+0101 (decimal 257)
   defining Unicode char U+0102 (decimal 258)
   defining Unicode char U+0103 (decimal 259)
   defining Unicode char U+0104 (decimal 260)
   defining Unicode char U+0105 (decimal 261)
   defining Unicode char U+0106 (decimal 262)
   defining Unicode char U+0107 (decimal 263)
   defining Unicode char U+0108 (decimal 264)
   defining Unicode char U+0109 (decimal 265)
   defining Unicode char U+010A (decimal 266)
   defining Unicode char U+010B (decimal 267)
   defining Unicode char U+010C (decimal 268)
   defining Unicode char U+010D (decimal 269)
   defining Unicode char U+010E (decimal 270)
   defining Unicode char U+010F (decimal 271)
   defining Unicode char U+0110 (decimal 272)
   defining Unicode char U+0111 (decimal 273)
   defining Unicode char U+0112 (decimal 274)
   defining Unicode char U+0113 (decimal 275)
   defining Unicode char U+0114 (decimal 276)
   defining Unicode char U+0115 (decimal 277)
   defining Unicode char U+0116 (decimal 278)
   defining Unicode char U+0117 (decimal 279)
   defining Unicode char U+0118 (decimal 280)
   defining Unicode char U+0119 (decimal 281)
   defining Unicode char U+011A (decimal 282)
   defining Unicode char U+011B (decimal 283)
   defining Unicode char U+011C (decimal 284)
   defining Unicode char U+011D (decimal 285)
   defining Unicode char U+011E (decimal 286)
   defining Unicode char U+011F (decimal 287)
   defining Unicode char U+0120 (decimal 288)
   defining Unicode char U+0121 (decimal 289)
   defining Unicode char U+0122 (decimal 290)
   defining Unicode char U+0123 (decimal 291)
   defining Unicode char U+0124 (decimal 292)
   defining Unicode char U+0125 (decimal 293)
   defining Unicode char U+0128 (decimal 296)
   defining Unicode char U+0129 (decimal 297)
   defining Unicode char U+012A (decimal 298)
   defining Unicode char U+012B (decimal 299)
   defining Unicode char U+012C (decimal 300)
   defining Unicode char U+012D (decimal 301)
   defining Unicode char U+012E (decimal 302)
   defining Unicode char U+012F (decimal 303)
   defining Unicode char U+0130 (decimal 304)
   defining Unicode char U+0131 (decimal 305)
   defining Unicode char U+0132 (decimal 306)
   defining Unicode char U+0133 (decimal 307)
   defining Unicode char U+0134 (decimal 308)
   defining Unicode char U+0135 (decimal 309)
   defining Unicode char U+0136 (decimal 310)
   defining Unicode char U+0137 (decimal 311)
   defining Unicode char U+0139 (decimal 313)
   defining Unicode char U+013A (decimal 314)
   defining Unicode char U+013B (decimal 315)
   defining Unicode char U+013C (decimal 316)
   defining Unicode char U+013D (decimal 317)
   defining Unicode char U+013E (decimal 318)
   defining Unicode char U+0141 (decimal 321)
   defining Unicode char U+0142 (decimal 322)
   defining Unicode char U+0143 (decimal 323)
   defining Unicode char U+0144 (decimal 324)
   defining Unicode char U+0145 (decimal 325)
   defining Unicode char U+0146 (decimal 326)
   defining Unicode char U+0147 (decimal 327)
   defining Unicode char U+0148 (decimal 328)
   defining Unicode char U+014A (decimal 330)
   defining Unicode char U+014B (decimal 331)
   defining Unicode char U+014C (decimal 332)
   defining Unicode char U+014D (decimal 333)
   defining Unicode char U+014E (decimal 334)
   defining Unicode char U+014F (decimal 335)
   defining Unicode char U+0150 (decimal 336)
   defining Unicode char U+0151 (decimal 337)
   defining Unicode char U+0152 (decimal 338)
   defining Unicode char U+0153 (decimal 339)
   defining Unicode char U+0154 (decimal 340)
   defining Unicode char U+0155 (decimal 341)
   defining Unicode char U+0156 (decimal 342)
   defining Unicode char U+0157 (decimal 343)
   defining Unicode char U+0158 (decimal 344)
   defining Unicode char U+0159 (decimal 345)
   defining Unicode char U+015A (decimal 346)
   defining Unicode char U+015B (decimal 347)
   defining Unicode char U+015C (decimal 348)
   defining Unicode char U+015D (decimal 349)
   defining Unicode char U+015E (decimal 350)
   defining Unicode char U+015F (decimal 351)
   defining Unicode char U+0160 (decimal 352)
   defining Unicode char U+0161 (decimal 353)
   defining Unicode char U+0162 (decimal 354)
   defining Unicode char U+0163 (decimal 355)
   defining Unicode char U+0164 (decimal 356)
   defining Unicode char U+0165 (decimal 357)
   defining Unicode char U+0168 (decimal 360)
   defining Unicode char U+0169 (decimal 361)
   defining Unicode char U+016A (decimal 362)
   defining Unicode char U+016B (decimal 363)
   defining Unicode char U+016C (decimal 364)
   defining Unicode char U+016D (decimal 365)
   defining Unicode char U+016E (decimal 366)
   defining Unicode char U+016F (decimal 367)
   defining Unicode char U+0170 (decimal 368)
   defining Unicode char U+0171 (decimal 369)
   defining Unicode char U+0172 (decimal 370)
   defining Unicode char U+0173 (decimal 371)
   defining Unicode char U+0174 (decimal 372)
   defining Unicode char U+0175 (decimal 373)
   defining Unicode char U+0176 (decimal 374)
   defining Unicode char U+0177 (decimal 375)
   defining Unicode char U+0178 (decimal 376)
   defining Unicode char U+0179 (decimal 377)
   defining Unicode char U+017A (decimal 378)
   defining Unicode char U+017B (decimal 379)
   defining Unicode char U+017C (decimal 380)
   defining Unicode char U+017D (decimal 381)
   defining Unicode char U+017E (decimal 382)
   defining Unicode char U+01CD (decimal 461)
   defining Unicode char U+01CE (decimal 462)
   defining Unicode char U+01CF (decimal 463)
   defining Unicode char U+01D0 (decimal 464)
   defining Unicode char U+01D1 (decimal 465)
   defining Unicode char U+01D2 (decimal 466)
   defining Unicode char U+01D3 (decimal 467)
   defining Unicode char U+01D4 (decimal 468)
   defining Unicode char U+01E2 (decimal 482)
   defining Unicode char U+01E3 (decimal 483)
   defining Unicode char U+01E6 (decimal 486)
   defining Unicode char U+01E7 (decimal 487)
   defining Unicode char U+01E8 (decimal 488)
   defining Unicode char U+01E9 (decimal 489)
   defining Unicode char U+01EA (decimal 490)
   defining Unicode char U+01EB (decimal 491)
   defining Unicode char U+01F0 (decimal 496)
   defining Unicode char U+01F4 (decimal 500)
   defining Unicode char U+01F5 (decimal 501)
   defining Unicode char U+0218 (decimal 536)
   defining Unicode char U+0219 (decimal 537)
   defining Unicode char U+021A (decimal 538)
   defining Unicode char U+021B (decimal 539)
   defining Unicode char U+0232 (decimal 562)
   defining Unicode char U+0233 (decimal 563)
   defining Unicode char U+1E02 (decimal 7682)
   defining Unicode char U+1E03 (decimal 7683)
   defining Unicode char U+200C (decimal 8204)
   defining Unicode char U+2010 (decimal 8208)
   defining Unicode char U+2011 (decimal 8209)
   defining Unicode char U+2012 (decimal 8210)
   defining Unicode char U+2013 (decimal 8211)
   defining Unicode char U+2014 (decimal 8212)
   defining Unicode char U+2015 (decimal 8213)
   defining Unicode char U+2018 (decimal 8216)
   defining Unicode char U+2019 (decimal 8217)
   defining Unicode char U+201A (decimal 8218)
   defining Unicode char U+201C (decimal 8220)
   defining Unicode char U+201D (decimal 8221)
   defining Unicode char U+201E (decimal 8222)
   defining Unicode char U+2030 (decimal 8240)
   defining Unicode char U+2031 (decimal 8241)
   defining Unicode char U+2039 (decimal 8249)
   defining Unicode char U+203A (decimal 8250)
   defining Unicode char U+2423 (decimal 9251)
   defining Unicode char U+1E20 (decimal 7712)
   defining Unicode char U+1E21 (decimal 7713)
)
Now handling font encoding OT1 ...
... processing UTF-8 mapping file for font encoding OT1

(/usr/share/texlive/texmf-dist/tex/latex/base/ot1enc.dfu
File: ot1enc.dfu 2017/01/28 v1.1t UTF-8 support for inputenc
   defining Unicode char U+00A0 (decimal 160)
   defining Unicode char U+00A1 (decimal 161)
   defining Unicode char U+00A3 (decimal 163)
   defining Unicode char U+00AD (decimal 173)
   defining Unicode char U+00B8 (decimal 184)
   defining Unicode char U+00BF (decimal 191)
   defining Unicode char U+00C5 (decimal 197)
   defining Unicode char U+00C6 (decimal 198)
   defining Unicode char U+00D8 (decimal 216)
   defining Unicode char U+00DF (decimal 223)
   defining Unicode char U+00E6 (decimal 230)
   defining Unicode char U+00EC (decimal 236)
   defining Unicode char U+00ED (decimal 237)
   defining Unicode char U+00EE (decimal 238)
   defining Unicode char U+00EF (decimal 239)
   defining Unicode char U+00F8 (decimal 248)
   defining Unicode char U+0131 (decimal 305)
   defining Unicode char U+0141 (decimal 321)
   defining Unicode char U+0142 (decimal 322)
   defining Unicode char U+0152 (decimal 338)
   defining Unicode char U+0153 (decimal 339)
   defining Unicode char U+0174 (decimal 372)
   defining Unicode char U+0175 (decimal 373)
   defining Unicode char U+0176 (decimal 374)
   defining Unicode char U+0177 (decimal 375)
   defining Unicode char U+0218 (decimal 536)
   defining Unicode char U+0219 (decimal 537)
   defining Unicode char U+021A (decimal 538)
   defining Unicode char U+021B (decimal 539)
   defining Unicode char U+2013 (decimal 8211)
   defining Unicode char U+2014 (decimal 8212)
   defining Unicode char U+2018 (decimal 8216)
   defining Unicode char U+2019 (decimal 8217)
   defining Unicode char U+201C (decimal 8220)
   defining Unicode char U+201D (decimal 8221)
)
Now handling font encoding OMS ...
... processing UTF-8 mapping file for font encoding OMS

(/usr/share/texlive/texmf-dist/tex/latex/base/omsenc.dfu
File: omsenc.dfu 2017/01/28 v1.1t UTF-8 support for inputenc
   defining Unicode char U+00A7 (decimal 167)
   defining Unicode char U+00B6 (decimal 182)
   defining Unicode char U+00B7 (decimal 183)
   defining Unicode char U+2020 (decimal 8224)
   defining Unicode char U+2021 (decimal 8225)
   defining Unicode char U+2022 (decimal 8226)
)
Now handling font encoding OMX ...
... no UTF-8 mapping file for font encoding OMX
Now handling font encoding U ...
... no UTF-8 mapping file for font encoding U
   defining Unicode char U+00A9 (decimal 169)
   defining Unicode char U+00AA (decimal 170)
   defining Unicode char U+00AE (decimal 174)
   defining Unicode char U+00BA (decimal 186)
   defining Unicode char U+02C6 (decimal 710)
   defining Unicode char U+02DC (decimal 732)
   defining Unicode char U+200C (decimal 8204)
   defining Unicode char U+2026 (decimal 8230)
   defining Unicode char U+2122 (decimal 8482)
   defining Unicode char U+2423 (decimal 9251)
))
(/usr/share/texlive/texmf-dist/tex/generic/babel/babel.sty
Package: babel 2018/02/14 3.18 The Babel package

(/usr/share/texlive/texmf-dist/tex/generic/babel/switch.def
File: switch.def 2018/02/14 3.18 Babel switching mechanism
)
(/usr/share/texlive/texmf-dist/tex/generic/babel-polish/polish.ldf
Language: polish 2005/03/31 v1.2l Polish support from the babel system

(/usr/share/texlive/texmf-dist/tex/generic/babel/babel.def
File: babel.def 2018/02/14 3.18 Babel common definitions
\babel@savecnt=\count87
\U@D=\dimen103

(/usr/share/texlive/texmf-dist/tex/generic/babel/txtbabel.def)
\bbl@dirlevel=\count88
)
Package babel Info: Making " an active character on input line 83.
\pl@left=\dimen104
\pl@down=\dimen105
\pl@right=\dimen106
\pl@temp=\dimen107
))
(/usr/share/texlive/texmf-dist/tex/latex/polski/polski.sty
Package: polski 2017/05/04 v1.3.4 Polish language package

   Inputenc package detected. Catcodes not changed.
   Switching to Polish text encoding and Polish maths fonts.
(/usr/share/texlive/texmf-dist/tex/latex/base/ot4enc.def
File: ot4enc.def 2017/04/05 v2.0i Standard LaTeX file
Now handling font encoding OT4 ...
... no UTF-8 mapping file for font encoding OT4
)
LaTeX Font Info:    Try loading font information for OT4+cmr on input line 360.


(/usr/share/texlive/texmf-dist/tex/latex/polski/ot4cmr.fd
File: ot4cmr.fd 2008/02/24 v1.2.1 Font defs for fonts PL (MW)
)
LaTeX Font Info:    Overwriting math alphabet `\mathbf' in version `normal'
(Font)                  OT1/cmr/bx/n --> OT4/cmr/bx/n on input line 360.
LaTeX Font Info:    Overwriting math alphabet `\mathsf' in version `normal'
(Font)                  OT1/cmss/m/n --> OT4/cmss/m/n on input line 360.
LaTeX Font Info:    Overwriting math alphabet `\mathit' in version `normal'
(Font)                  OT1/cmr/m/it --> OT4/cmr/m/it on input line 360.
LaTeX Font Info:    Overwriting math alphabet `\mathtt' in version `normal'
(Font)                  OT1/cmtt/m/n --> OT4/cmtt/m/n on input line 360.
LaTeX Font Info:    Overwriting math alphabet `\mathsf' in version `bold'
(Font)                  OT1/cmss/bx/n --> OT4/cmss/bx/n on input line 360.
LaTeX Font Info:    Overwriting math alphabet `\mathit' in version `bold'
(Font)                  OT1/cmr/bx/it --> OT4/cmr/bx/it on input line 360.
LaTeX Font Info:    Encoding `OT1' has changed to `OT4' for symbol font
(Font)              `operators' in the math version `normal' on input line 360.

LaTeX Font Info:    Overwriting symbol font `operators' in version `normal'
(Font)                  OT1/cmr/m/n --> OT4/cmr/m/n on input line 360.
LaTeX Font Info:    Overwriting symbol font `letters' in version `normal'
(Font)                  OML/cmm/m/it --> OML/plm/m/it on input line 360.
LaTeX Font Info:    Overwriting symbol font `symbols' in version `normal'
(Font)                  OMS/cmsy/m/n --> OMS/plsy/m/n on input line 360.
LaTeX Font Info:    Overwriting symbol font `largesymbols' in version `normal'
(Font)                  OMX/cmex/m/n --> OMX/plex/m/n on input line 360.
LaTeX Font Info:    Encoding `OT1' has changed to `OT4' for symbol font
(Font)              `operators' in the math version `bold' on input line 360.
LaTeX Font Info:    Overwriting symbol font `operators' in version `bold'
(Font)                  OT1/cmr/bx/n --> OT4/cmr/bx/n on input line 360.
LaTeX Font Info:    Overwriting symbol font `letters' in version `bold'
(Font)                  OML/cmm/b/it --> OML/plm/b/it on input line 360.
LaTeX Font Info:    Overwriting symbol font `symbols' in version `bold'
(Font)                  OMS/cmsy/b/n --> OMS/plsy/b/n on input line 360.
)
(/usr/share/texlive/texmf-dist/tex/latex/graphics/graphicx.sty
Package: graphicx 2017/06/01 v1.1a Enhanced LaTeX Graphics (DPC,SPQR)

(/usr/share/texlive/texmf-dist/tex/latex/graphics/keyval.sty
Package: keyval 2014/10/28 v1.15 key=value parser (DPC)
\KV@toks@=\toks16
)
(/usr/share/texlive/texmf-dist/tex/latex/graphics/graphics.sty
Package: graphics 2017/06/25 v1.2c Standard LaTeX Graphics (DPC,SPQR)

(/usr/share/texlive/texmf-dist/tex/latex/graphics/trig.sty
Package: trig 2016/01/03 v1.10 sin cos tan (DPC)
)
(/usr/share/texlive/texmf-dist/tex/latex/graphics-cfg/graphics.cfg
File: graphics.cfg 2016/06/04 v1.11 sample graphics configuration
)
Package graphics Info: Driver file: pdftex.def on input line 99.

(/usr/share/texlive/texmf-dist/tex/latex/graphics-def/pdftex.def
File: pdftex.def 2018/01/08 v1.0l Graphics/color driver for pdftex
))
\Gin@req@height=\dimen108
\Gin@req@width=\dimen109
)
(/usr/share/texlive/texmf-dist/tex/latex/listings/listings.sty
\lst@mode=\count89
\lst@gtempboxa=\box26
\lst@token=\toks17
\lst@length=\count90
\lst@currlwidth=\dimen110
\lst@column=\count91
\lst@pos=\count92
\lst@lostspace=\dimen111
\lst@width=\dimen112
\lst@newlines=\count93
\lst@lineno=\count94
\lst@maxwidth=\dimen113

(/usr/share/texlive/texmf-dist/tex/latex/listings/lstmisc.sty
File: lstmisc.sty 2015/06/04 1.6 (Carsten Heinz)
\c@lstnumber=\count95
\lst@skipnumbers=\count96
\lst@framebox=\box27
)
(/usr/share/texlive/texmf-dist/tex/latex/listings/listings.cfg
File: listings.cfg 2015/06/04 1.6 listings configuration
))
Package: listings 2015/06/04 1.6 (Carsten Heinz)

(/usr/share/texlive/texmf-dist/tex/latex/amsfonts/amsfonts.sty
Package: amsfonts 2013/01/14 v3.01 Basic AMSFonts support
\@emptytoks=\toks18
\symAMSa=\mathgroup4
\symAMSb=\mathgroup5
LaTeX Font Info:    Overwriting math alphabet `\mathfrak' in version `bold'
(Font)                  U/euf/m/n --> U/euf/b/n on input line 106.
)
(/usr/share/texlive/texmf-dist/tex/latex/amsmath/amsmath.sty
Package: amsmath 2017/09/02 v2.17a AMS math features
\@mathmargin=\skip43

For additional information on amsmath, use the `?' option.
(/usr/share/texlive/texmf-dist/tex/latex/amsmath/amstext.sty
Package: amstext 2000/06/29 v2.01 AMS text

(/usr/share/texlive/texmf-dist/tex/latex/amsmath/amsgen.sty
File: amsgen.sty 1999/11/30 v2.0 generic functions
\@emptytoks=\toks19
\ex@=\dimen114
))
(/usr/share/texlive/texmf-dist/tex/latex/amsmath/amsbsy.sty
Package: amsbsy 1999/11/29 v1.2d Bold Symbols
\pmbraise@=\dimen115
)
(/usr/share/texlive/texmf-dist/tex/latex/amsmath/amsopn.sty
Package: amsopn 2016/03/08 v2.02 operator names
)
\inf@bad=\count97
LaTeX Info: Redefining \frac on input line 213.
\uproot@=\count98
\leftroot@=\count99
LaTeX Info: Redefining \overline on input line 375.
\classnum@=\count100
\DOTSCASE@=\count101
LaTeX Info: Redefining \ldots on input line 472.
LaTeX Info: Redefining \dots on input line 475.
LaTeX Info: Redefining \cdots on input line 596.
\Mathstrutbox@=\box28
\strutbox@=\box29
\big@size=\dimen116
LaTeX Font Info:    Redeclaring font encoding OML on input line 712.
LaTeX Font Info:    Redeclaring font encoding OMS on input line 713.
\macc@depth=\count102
\c@MaxMatrixCols=\count103
\dotsspace@=\muskip10
\c@parentequation=\count104
\dspbrk@lvl=\count105
\tag@help=\toks20
\row@=\count106
\column@=\count107
\maxfields@=\count108
\andhelp@=\toks21
\eqnshift@=\dimen117
\alignsep@=\dimen118
\tagshift@=\dimen119
\tagwidth@=\dimen120
\totwidth@=\dimen121
\lineht@=\dimen122
\@envbody=\toks22
\multlinegap=\skip44
\multlinetaggap=\skip45
\mathdisplay@stack=\toks23
LaTeX Info: Redefining \[ on input line 2817.
LaTeX Info: Redefining \] on input line 2818.
)
(/usr/share/texlive/texmf-dist/tex/latex/geometry/geometry.sty
Package: geometry 2010/09/12 v5.6 Page Geometry

(/usr/share/texlive/texmf-dist/tex/generic/oberdiek/ifpdf.sty
Package: ifpdf 2017/03/15 v3.2 Provides the ifpdf switch
)
(/usr/share/texlive/texmf-dist/tex/generic/oberdiek/ifvtex.sty
Package: ifvtex 2016/05/16 v1.6 Detect VTeX and its facilities (HO)
Package ifvtex Info: VTeX not detected.
)
(/usr/share/texlive/texmf-dist/tex/generic/ifxetex/ifxetex.sty
Package: ifxetex 2010/09/12 v0.6 Provides ifxetex conditional
)
\Gm@cnth=\count109
\Gm@cntv=\count110
\c@Gm@tempcnt=\count111
\Gm@bindingoffset=\dimen123
\Gm@wd@mp=\dimen124
\Gm@odd@mp=\dimen125
\Gm@even@mp=\dimen126
\Gm@layoutwidth=\dimen127
\Gm@layoutheight=\dimen128
\Gm@layouthoffset=\dimen129
\Gm@layoutvoffset=\dimen130
\Gm@dimlist=\toks24
)
(/usr/share/texlive/texmf-dist/tex/latex/titlesec/titlesec.sty
Package: titlesec 2016/03/21 v2.10.2 Sectioning titles
\ttl@box=\box30
\beforetitleunit=\skip46
\aftertitleunit=\skip47
\ttl@plus=\dimen131
\ttl@minus=\dimen132
\ttl@toksa=\toks25
\titlewidth=\dimen133
\titlewidthlast=\dimen134
\titlewidthfirst=\dimen135
)
(/usr/share/texlive/texmf-dist/tex/latex/float/float.sty
Package: float 2001/11/08 v1.3d Float enhancements (AL)
\c@float@type=\count112
\float@exts=\toks26
\float@box=\box31
\@float@everytoks=\toks27
\@floatcapt=\box32
)
*geometry* verbose mode - [ newgeometry ] result:
* driver: 
* paper: a4paper
* layout: <same size as paper>
* layoutoffset:(h,v)=(0.0pt,0.0pt)
* modes: 
* h-part:(L,W,R)=(42.67912pt, 512.14963pt, 42.67912pt)
* v-part:(T,H,B)=(42.67912pt, 759.6886pt, 42.67912pt)
* \paperwidth=597.50787pt
* \paperheight=845.04684pt
* \textwidth=512.14963pt
* \textheight=759.6886pt
* \oddsidemargin=-29.59087pt
* \evensidemargin=-29.59087pt
* \topmargin=-66.59087pt
* \headheight=12.0pt
* \headsep=25.0pt
* \topskip=10.0pt
* \footskip=30.0pt
* \marginparwidth=57.0pt
* \marginparsep=11.0pt
* \columnsep=10.0pt
* \skip\footins=9.0pt plus 4.0pt minus 2.0pt
* \hoffset=0.0pt
* \voffset=0.0pt
* \mag=1000
* \@twocolumnfalse
* \@twosidefalse
* \@mparswitchfalse
* \@reversemarginfalse
* (1in=72.27pt=25.4mm, 1cm=28.453pt)

 (./document.aux

LaTeX Warning: Label `fig:DMC18181' multiply defined.


LaTeX Warning: Label `fig:DMC1871' multiply defined.

)
\openout1 = `document.aux'.

LaTeX Font Info:    Checking defaults for OML/cmm/m/it on input line 19.
LaTeX Font Info:    ... okay on input line 19.
LaTeX Font Info:    Checking defaults for T1/cmr/m/n on input line 19.
LaTeX Font Info:    ... okay on input line 19.
LaTeX Font Info:    Checking defaults for OT1/cmr/m/n on input line 19.
LaTeX Font Info:    ... okay on input line 19.
LaTeX Font Info:    Checking defaults for OMS/cmsy/m/n on input line 19.
LaTeX Font Info:    ... okay on input line 19.
LaTeX Font Info:    Checking defaults for OMX/cmex/m/n on input line 19.
LaTeX Font Info:    ... okay on input line 19.
LaTeX Font Info:    Checking defaults for U/cmr/m/n on input line 19.
LaTeX Font Info:    ... okay on input line 19.
LaTeX Font Info:    Checking defaults for OT4/cmr/m/n on input line 19.
LaTeX Font Info:    ... okay on input line 19.
 (/usr/share/texlive/texmf-dist/tex/context/base/mkii/supp-pdf.mkii
[Loading MPS to PDF converter (version 2006.09.02).]
\scratchcounter=\count113
\scratchdimen=\dimen136
\scratchbox=\box33
\nofMPsegments=\count114
\nofMParguments=\count115
\everyMPshowfont=\toks28
\MPscratchCnt=\count116
\MPscratchDim=\dimen137
\MPnumerator=\count117
\makeMPintoPDFobject=\count118
\everyMPtoPDFconversion=\toks29
) (/usr/share/texlive/texmf-dist/tex/latex/oberdiek/epstopdf-base.sty
Package: epstopdf-base 2016/05/15 v2.6 Base part for package epstopdf

(/usr/share/texlive/texmf-dist/tex/generic/oberdiek/infwarerr.sty
Package: infwarerr 2016/05/16 v1.4 Providing info/warning/error messages (HO)
)
(/usr/share/texlive/texmf-dist/tex/latex/oberdiek/grfext.sty
Package: grfext 2016/05/16 v1.2 Manage graphics extensions (HO)

(/usr/share/texlive/texmf-dist/tex/generic/oberdiek/kvdefinekeys.sty
Package: kvdefinekeys 2016/05/16 v1.4 Define keys (HO)

(/usr/share/texlive/texmf-dist/tex/generic/oberdiek/ltxcmds.sty
Package: ltxcmds 2016/05/16 v1.23 LaTeX kernel commands for general use (HO)
)))
(/usr/share/texlive/texmf-dist/tex/latex/oberdiek/kvoptions.sty
Package: kvoptions 2016/05/16 v3.12 Key value format for package options (HO)

(/usr/share/texlive/texmf-dist/tex/generic/oberdiek/kvsetkeys.sty
Package: kvsetkeys 2016/05/16 v1.17 Key value parser (HO)

(/usr/share/texlive/texmf-dist/tex/generic/oberdiek/etexcmds.sty
Package: etexcmds 2016/05/16 v1.6 Avoid name clashes with e-TeX commands (HO)

(/usr/share/texlive/texmf-dist/tex/generic/oberdiek/ifluatex.sty
Package: ifluatex 2016/05/16 v1.4 Provides the ifluatex switch (HO)
Package ifluatex Info: LuaTeX not detected.
)
Package etexcmds Info: Could not find \expanded.
(etexcmds)             That can mean that you are not using pdfTeX 1.50 or
(etexcmds)             that some package has redefined \expanded.
(etexcmds)             In the latter case, load this package earlier.
)))
(/usr/share/texlive/texmf-dist/tex/generic/oberdiek/pdftexcmds.sty
Package: pdftexcmds 2018/01/21 v0.26 Utility functions of pdfTeX for LuaTeX (HO
)
Package pdftexcmds Info: LuaTeX not detected.
Package pdftexcmds Info: \pdf@primitive is available.
Package pdftexcmds Info: \pdf@ifprimitive is available.
Package pdftexcmds Info: \pdfdraftmode found.
)
Package epstopdf-base Info: Redefining graphics rule for `.eps' on input line 4
38.
Package grfext Info: Graphics extension search list:
(grfext)             [.pdf,.png,.jpg,.mps,.jpeg,.jbig2,.jb2,.PDF,.PNG,.JPG,.JPE
G,.JBIG2,.JB2,.eps]
(grfext)             \AppendGraphicsExtensions on input line 456.

(/usr/share/texlive/texmf-dist/tex/latex/latexconfig/epstopdf-sys.cfg
File: epstopdf-sys.cfg 2010/07/13 v1.3 Configuration of (r)epstopdf for TeX Liv
e
))
\c@lstlisting=\count119

*geometry* driver: auto-detecting
*geometry* detected driver: pdftex
*geometry* verbose mode - [ preamble ] result:
* driver: pdftex
* paper: a4paper
* layout: <same size as paper>
* layoutoffset:(h,v)=(0.0pt,0.0pt)
* modes: 
* h-part:(L,W,R)=(42.67912pt, 512.14963pt, 42.67912pt)
* v-part:(T,H,B)=(42.67912pt, 759.6886pt, 42.67912pt)
* \paperwidth=597.50787pt
* \paperheight=845.04684pt
* \textwidth=512.14963pt
* \textheight=759.6886pt
* \oddsidemargin=-29.59087pt
* \evensidemargin=-29.59087pt
* \topmargin=-66.59087pt
* \headheight=12.0pt
* \headsep=25.0pt
* \topskip=10.0pt
* \footskip=30.0pt
* \marginparwidth=57.0pt
* \marginparsep=11.0pt
* \columnsep=10.0pt
* \skip\footins=9.0pt plus 4.0pt minus 2.0pt
* \hoffset=0.0pt
* \voffset=0.0pt
* \mag=1000
* \@twocolumnfalse
* \@twosidefalse
* \@mparswitchfalse
* \@reversemarginfalse
* (1in=72.27pt=25.4mm, 1cm=28.453pt)

LaTeX Font Info:    Try loading font information for OML+plm on input line 20.
(/usr/share/texlive/texmf-dist/tex/latex/polski/omlplm.fd
File: omlplm.fd 2008/02/24 v1.2.1 Font defs for fonts PL (MW)
)
LaTeX Font Info:    Try loading font information for OMS+plsy on input line 20.


(/usr/share/texlive/texmf-dist/tex/latex/polski/omsplsy.fd
File: omsplsy.fd 2008/02/24 v1.2.1 Font defs for fonts PL (MW)
)
LaTeX Font Info:    Try loading font information for OMX+plex on input line 20.


(/usr/share/texlive/texmf-dist/tex/latex/polski/omxplex.fd
File: omxplex.fd 2008/02/24 v1.2.1 Font defs for fonts PL (MW)
)
LaTeX Font Info:    External font `plex10' loaded for size
(Font)              <12> on input line 20.
LaTeX Font Info:    External font `plex10' loaded for size
(Font)              <8> on input line 20.
LaTeX Font Info:    External font `plex10' loaded for size
(Font)              <6> on input line 20.
LaTeX Font Info:    Try loading font information for U+msa on input line 20.

(/usr/share/texlive/texmf-dist/tex/latex/amsfonts/umsa.fd
File: umsa.fd 2013/01/14 v3.01 AMS symbols A
)
LaTeX Font Info:    Try loading font information for U+msb on input line 20.

(/usr/share/texlive/texmf-dist/tex/latex/amsfonts/umsb.fd
File: umsb.fd 2013/01/14 v3.01 AMS symbols B
)
LaTeX Font Info:    Try loading font information for OMS+cmr on input line 31.

(/usr/share/texlive/texmf-dist/tex/latex/base/omscmr.fd
File: omscmr.fd 2014/09/29 v2.5h Standard LaTeX font definitions
)
LaTeX Font Info:    Font shape `OMS/cmr/m/n' in size <10> not available
(Font)              Font shape `OMS/cmsy/m/n' tried instead on input line 31.
LaTeX Font Info:    External font `plex10' loaded for size
(Font)              <10> on input line 33.
LaTeX Font Info:    External font `plex10' loaded for size
(Font)              <7> on input line 33.
LaTeX Font Info:    External font `plex10' loaded for size
(Font)              <5> on input line 33.
<../images/EZN27.png, id=1, 421.51477pt x 316.18124pt>
File: ../images/EZN27.png Graphic file (type png)
<use ../images/EZN27.png>
Package pdftex.def Info: ../images/EZN27.png  used on input line 64.
(pdftex.def)             Requested size: 460.93153pt x 345.75484pt.
 [1


{/var/lib/texmf/fonts/map/pdftex/updmap/pdftex.map}]
<../images/EZN281.png, id=16, 421.51477pt x 316.18124pt>
File: ../images/EZN281.png Graphic file (type png)
<use ../images/EZN281.png>
Package pdftex.def Info: ../images/EZN281.png  used on input line 71.
(pdftex.def)             Requested size: 460.93153pt x 345.75484pt.
 [2 <../images/EZN27.png (PNG copy)>]
<../images/EZN30.png, id=20, 421.51477pt x 316.18124pt>
File: ../images/EZN30.png Graphic file (type png)
<use ../images/EZN30.png>
Package pdftex.def Info: ../images/EZN30.png  used on input line 78.
(pdftex.def)             Requested size: 460.93153pt x 345.75484pt.
 [3 <../images/EZN281.png (PNG copy)>]
<../images/Tkrytyk.png, id=24, 421.51477pt x 316.18124pt>
File: ../images/Tkrytyk.png Graphic file (type png)
<use ../images/Tkrytyk.png>
Package pdftex.def Info: ../images/Tkrytyk.png  used on input line 85.
(pdftex.def)             Requested size: 460.93153pt x 345.75484pt.
 [4 <../images/EZN30.png (PNG copy)>]
<../images/zn_bez.png, id=28, 421.51477pt x 316.18124pt>
File: ../images/zn_bez.png Graphic file (type png)
<use ../images/zn_bez.png>
Package pdftex.def Info: ../images/zn_bez.png  used on input line 100.
(pdftex.def)             Requested size: 460.93153pt x 345.75484pt.
 [5 <../images/Tkrytyk.png (PNG copy)>]
Underfull \hbox (badness 10000) in paragraph at lines 106--107

 []


Underfull \hbox (badness 10000) in paragraph at lines 117--118

 []


LaTeX Warning: Reference `krytyk' on page 6 undefined on input line 119.


Underfull \hbox (badness 10000) in paragraph at lines 122--124

 []

<../images/MI_ti200.png, id=32, 421.51477pt x 316.18124pt>
File: ../images/MI_ti200.png Graphic file (type png)
<use ../images/MI_ti200.png>
Package pdftex.def Info: ../images/MI_ti200.png  used on input line 128.
(pdftex.def)             Requested size: 460.93153pt x 345.75484pt.
[6 <../images/zn_bez.png (PNG copy)>]
<../images/MI_ti2000.png, id=37, 421.51477pt x 316.18124pt>
File: ../images/MI_ti2000.png Graphic file (type png)
<use ../images/MI_ti2000.png>
Package pdftex.def Info: ../images/MI_ti2000.png  used on input line 134.
(pdftex.def)             Requested size: 460.93153pt x 345.75484pt.
<../images/MI_ti1800.png, id=38, 421.51477pt x 316.18124pt>
File: ../images/MI_ti1800.png Graphic file (type png)
<use ../images/MI_ti1800.png>
Package pdftex.def Info: ../images/MI_ti1800.png  used on input line 140.
(pdftex.def)             Requested size: 460.93153pt x 345.75484pt.
 [7 <../images/MI_ti200.png (PNG copy)>]
<../images/MI_ti2200.png, id=43, 421.51477pt x 316.18124pt>
File: ../images/MI_ti2200.png Graphic file (type png)
<use ../images/MI_ti2200.png>
Package pdftex.def Info: ../images/MI_ti2200.png  used on input line 146.
(pdftex.def)             Requested size: 460.93153pt x 345.75484pt.

[8 <../images/MI_ti2000.png (PNG copy)>]
<../images/MI_ti3000.png, id=47, 421.51477pt x 316.18124pt>
File: ../images/MI_ti3000.png Graphic file (type png)
<use ../images/MI_ti3000.png>
Package pdftex.def Info: ../images/MI_ti3000.png  used on input line 152.
(pdftex.def)             Requested size: 460.93153pt x 345.75484pt.
 [9 <../images/MI_ti1800.png (PNG copy)>]
<../images/MI_ti20000.png, id=51, 421.51477pt x 316.18124pt>
File: ../images/MI_ti20000.png Graphic file (type png)
<use ../images/MI_ti20000.png>
Package pdftex.def Info: ../images/MI_ti20000.png  used on input line 158.
(pdftex.def)             Requested size: 460.93153pt x 345.75484pt.
 [10 <../images/MI_ti2200.png (PNG copy)>] [11 <../images/MI_ti3000.png (PNG co
py)>]
Underfull \hbox (badness 10000) in paragraph at lines 167--168

 []

<../images/MI_td500.png, id=58, 421.51477pt x 316.18124pt>
File: ../images/MI_td500.png Graphic file (type png)
<use ../images/MI_td500.png>
Package pdftex.def Info: ../images/MI_td500.png  used on input line 174.
(pdftex.def)             Requested size: 460.93153pt x 345.75484pt.
<../images/MI_td100.png, id=59, 421.51477pt x 316.18124pt>
File: ../images/MI_td100.png Graphic file (type png)
<use ../images/MI_td100.png>
Package pdftex.def Info: ../images/MI_td100.png  used on input line 180.
(pdftex.def)             Requested size: 460.93153pt x 345.75484pt.
[12 <../images/MI_ti20000.png (PNG copy)>]
<../images/MI_td80.png, id=63, 421.51477pt x 316.18124pt>
File: ../images/MI_td80.png Graphic file (type png)
<use ../images/MI_td80.png>
Package pdftex.def Info: ../images/MI_td80.png  used on input line 186.
(pdftex.def)             Requested size: 460.93153pt x 345.75484pt.
 [13 <../images/MI_td500.png (PNG copy)>]
<../images/MI_td50.png, id=68, 421.51477pt x 316.18124pt>
File: ../images/MI_td50.png Graphic file (type png)
<use ../images/MI_td50.png>
Package pdftex.def Info: ../images/MI_td50.png  used on input line 192.
(pdftex.def)             Requested size: 460.93153pt x 345.75484pt.
 [14 <../images/MI_td100.png (PNG copy)>] [15 <../images/MI_td80.png (PNG copy)
>]
Underfull \hbox (badness 10000) in paragraph at lines 201--202

 []

<../images/MI_11.png, id=75, 421.51477pt x 316.18124pt>
File: ../images/MI_11.png Graphic file (type png)
<use ../images/MI_11.png>
Package pdftex.def Info: ../images/MI_11.png  used on input line 206.
(pdftex.def)             Requested size: 460.93153pt x 345.75484pt.
[16 <../images/MI_td50.png (PNG copy)>]
<../images/MI_33.png, id=79, 421.51477pt x 316.18124pt>
File: ../images/MI_33.png Graphic file (type png)
<use ../images/MI_33.png>
Package pdftex.def Info: ../images/MI_33.png  used on input line 213.
(pdftex.def)             Requested size: 460.93153pt x 345.75484pt.
 [17 <../images/MI_11.png (PNG copy)>]
<../images/MI_22.png, id=83, 421.51477pt x 316.18124pt>
File: ../images/MI_22.png Graphic file (type png)
<use ../images/MI_22.png>
Package pdftex.def Info: ../images/MI_22.png  used on input line 220.
(pdftex.def)             Requested size: 460.93153pt x 345.75484pt.

[18 <../images/MI_33.png (PNG copy)>]
File: ../images/MI_11.png Graphic file (type png)
<use ../images/MI_11.png>
Package pdftex.def Info: ../images/MI_11.png  used on input line 231.
(pdftex.def)             Requested size: 460.93153pt x 345.75484pt.
 [19 <../images/MI_22.png (PNG copy)>]
Underfull \hbox (badness 10000) in paragraph at lines 241--245

 []


Underfull \hbox (badness 10000) in paragraph at lines 246--247

 []


Underfull \hbox (badness 10000) in paragraph at lines 247--252

 []

<../images/ocenaPIDMI.png, id=91, 421.51477pt x 316.18124pt>
File: ../images/ocenaPIDMI.png Graphic file (type png)
<use ../images/ocenaPIDMI.png>
Package pdftex.def Info: ../images/ocenaPIDMI.png  used on input line 259.
(pdftex.def)             Requested size: 460.93153pt x 345.75484pt.
<../images/ocenaPIDZN.png, id=92, 421.51477pt x 316.18124pt>
File: ../images/ocenaPIDZN.png Graphic file (type png)
<use ../images/ocenaPIDZN.png>
Package pdftex.def Info: ../images/ocenaPIDZN.png  used on input line 265.
(pdftex.def)             Requested size: 460.93153pt x 345.75484pt.
[20] [21 <../images/ocenaPIDMI.png (PNG copy)>]
<../images/ocenaPIDMI_przereg.png, id=100, 421.51477pt x 316.18124pt>
File: ../images/ocenaPIDMI_przereg.png Graphic file (type png)
<use ../images/ocenaPIDMI_przereg.png>
Package pdftex.def Info: ../images/ocenaPIDMI_przereg.png  used on input line 2
72.
(pdftex.def)             Requested size: 460.93153pt x 345.75484pt.
<../images/ocenaPIDZN_przebieg.png, id=101, 421.51477pt x 316.18124pt>
File: ../images/ocenaPIDZN_przebieg.png Graphic file (type png)
<use ../images/ocenaPIDZN_przebieg.png>
Package pdftex.def Info: ../images/ocenaPIDZN_przebieg.png  used on input line 
278.
(pdftex.def)             Requested size: 460.93153pt x 345.75484pt.
 [22 <../images/ocenaPIDZN.png (PNG copy)>] [23 <../images/ocenaPIDMI_przereg.p
ng (PNG copy)>] [24 <../images/ocenaPIDZN_przebieg.png (PNG copy)>]
<../images/awbez.png, id=111, 421.51477pt x 316.18124pt>
File: ../images/awbez.png Graphic file (type png)
<use ../images/awbez.png>
Package pdftex.def Info: ../images/awbez.png  used on input line 308.
(pdftex.def)             Requested size: 460.93153pt x 345.75484pt.
<../images/aw10.png, id=112, 421.51477pt x 316.18124pt>
File: ../images/aw10.png Graphic file (type png)
<use ../images/aw10.png>
Package pdftex.def Info: ../images/aw10.png  used on input line 315.
(pdftex.def)             Requested size: 460.93153pt x 345.75484pt.
 [25 <../images/awbez.png (PNG copy)>]
<../images/aw5.png, id=117, 421.51477pt x 316.18124pt>
File: ../images/aw5.png Graphic file (type png)
<use ../images/aw5.png>
Package pdftex.def Info: ../images/aw5.png  used on input line 322.
(pdftex.def)             Requested size: 460.93153pt x 345.75484pt.

[26 <../images/aw10.png (PNG copy)>]
<../images/aw1.png, id=121, 421.51477pt x 316.18124pt>
File: ../images/aw1.png Graphic file (type png)
<use ../images/aw1.png>
Package pdftex.def Info: ../images/aw1.png  used on input line 329.
(pdftex.def)             Requested size: 460.93153pt x 345.75484pt.
 [27 <../images/aw5.png (PNG copy)>]
<../images/aw11.png, id=125, 421.51477pt x 316.18124pt>
File: ../images/aw11.png Graphic file (type png)
<use ../images/aw11.png>
Package pdftex.def Info: ../images/aw11.png  used on input line 337.
(pdftex.def)             Requested size: 460.93153pt x 345.75484pt.

[28 <../images/aw1.png (PNG copy)>] [29 <../images/aw11.png (PNG copy)>]
<../images/odp_skok_wykre.png, id=135, 688.91377pt x 431.81325pt>
File: ../images/odp_skok_wykre.png Graphic file (type png)
<use ../images/odp_skok_wykre.png>
Package pdftex.def Info: ../images/odp_skok_wykre.png  used on input line 395.
(pdftex.def)             Requested size: 460.93153pt x 288.91144pt.

[30 <../images/odp_skok_wykre.png (PNG copy)>]
LaTeX Font Info:    Try loading font information for OML+cmr on input line 432.


(/usr/share/texlive/texmf-dist/tex/latex/base/omlcmr.fd
File: omlcmr.fd 2014/09/29 v2.5h Standard LaTeX font definitions
)
LaTeX Font Info:    Font shape `OML/cmr/m/n' in size <10> not available
(Font)              Font shape `OML/cmm/m/it' tried instead on input line 432.

Overfull \hbox (75.85635pt too wide) in paragraph at lines 437--438
[][][][][][][][][][][][][][][][][][][][][][][][] 
 []

<../images/DMC60601.png, id=139, 421.51477pt x 316.18124pt>
File: ../images/DMC60601.png Graphic file (type png)
<use ../images/DMC60601.png>
Package pdftex.def Info: ../images/DMC60601.png  used on input line 465.
(pdftex.def)             Requested size: 460.93153pt x 345.75484pt.
<../images/DMC30301.png, id=140, 421.51477pt x 316.18124pt>
File: ../images/DMC30301.png Graphic file (type png)
<use ../images/DMC30301.png>
Package pdftex.def Info: ../images/DMC30301.png  used on input line 471.
(pdftex.def)             Requested size: 460.93153pt x 345.75484pt.
[31]
<../images/DMC20201.png, id=146, 421.51477pt x 316.18124pt>
File: ../images/DMC20201.png Graphic file (type png)
<use ../images/DMC20201.png>
Package pdftex.def Info: ../images/DMC20201.png  used on input line 477.
(pdftex.def)             Requested size: 460.93153pt x 345.75484pt.
 [32 <../images/DMC60601.png (PNG copy)>]
<../images/DMC18181.png, id=150, 421.51477pt x 316.18124pt>
File: ../images/DMC18181.png Graphic file (type png)
<use ../images/DMC18181.png>
Package pdftex.def Info: ../images/DMC18181.png  used on input line 483.
(pdftex.def)             Requested size: 460.93153pt x 345.75484pt.
 [33 <../images/DMC30301.png (PNG copy)>]
<../images/DMC10101.png, id=154, 421.51477pt x 316.18124pt>
File: ../images/DMC10101.png Graphic file (type png)
<use ../images/DMC10101.png>
Package pdftex.def Info: ../images/DMC10101.png  used on input line 489.
(pdftex.def)             Requested size: 460.93153pt x 345.75484pt.
 [34 <../images/DMC20201.png (PNG copy)>] [35 <../images/DMC18181.png (PNG copy
)>]
File: ../images/DMC18181.png Graphic file (type png)
<use ../images/DMC18181.png>
Package pdftex.def Info: ../images/DMC18181.png  used on input line 500.
(pdftex.def)             Requested size: 460.93153pt x 345.75484pt.
<../images/DMC18101.png, id=161, 421.51477pt x 316.18124pt>
File: ../images/DMC18101.png Graphic file (type png)
<use ../images/DMC18101.png>
Package pdftex.def Info: ../images/DMC18101.png  used on input line 506.
(pdftex.def)             Requested size: 460.93153pt x 345.75484pt.
 [36 <../images/DMC10101.png (PNG copy)>]
<../images/DMC1871.png, id=165, 421.51477pt x 316.18124pt>
File: ../images/DMC1871.png Graphic file (type png)
<use ../images/DMC1871.png>
Package pdftex.def Info: ../images/DMC1871.png  used on input line 512.
(pdftex.def)             Requested size: 460.93153pt x 345.75484pt.
 [37]
<../images/DMC1841.png, id=170, 421.51477pt x 316.18124pt>
File: ../images/DMC1841.png Graphic file (type png)
<use ../images/DMC1841.png>
Package pdftex.def Info: ../images/DMC1841.png  used on input line 518.
(pdftex.def)             Requested size: 460.93153pt x 345.75484pt.
 [38 <../images/DMC18101.png (PNG copy)>]
<../images/DMC1821.png, id=174, 421.51477pt x 316.18124pt>
File: ../images/DMC1821.png Graphic file (type png)
<use ../images/DMC1821.png>
Package pdftex.def Info: ../images/DMC1821.png  used on input line 524.
(pdftex.def)             Requested size: 460.93153pt x 345.75484pt.
 [39 <../images/DMC1871.png (PNG copy)>] [40 <../images/DMC1841.png (PNG copy)>
]
File: ../images/DMC1871.png Graphic file (type png)
<use ../images/DMC1871.png>
Package pdftex.def Info: ../images/DMC1871.png  used on input line 534.
(pdftex.def)             Requested size: 460.93153pt x 345.75484pt.
<../images/DMC18710.png, id=181, 421.51477pt x 316.18124pt>
File: ../images/DMC18710.png Graphic file (type png)
<use ../images/DMC18710.png>
Package pdftex.def Info: ../images/DMC18710.png  used on input line 540.
(pdftex.def)             Requested size: 460.93153pt x 345.75484pt.
 [41 <../images/DMC1821.png (PNG copy)>]
<../images/DMC18710000000.png, id=186, 421.51477pt x 316.18124pt>
File: ../images/DMC18710000000.png Graphic file (type png)
<use ../images/DMC18710000000.png>
Package pdftex.def Info: ../images/DMC18710000000.png  used on input line 546.
(pdftex.def)             Requested size: 460.93153pt x 345.75484pt.
 [42]
<../images/DMC18750000000.png, id=190, 421.51477pt x 316.18124pt>
File: ../images/DMC18750000000.png Graphic file (type png)
<use ../images/DMC18750000000.png>
Package pdftex.def Info: ../images/DMC18750000000.png  used on input line 552.
(pdftex.def)             Requested size: 460.93153pt x 345.75484pt.
 [43 <../images/DMC18710.png (PNG copy)>]
<../images/DMC1871000000.png, id=195, 421.51477pt x 316.18124pt>
File: ../images/DMC1871000000.png Graphic file (type png)
<use ../images/DMC1871000000.png>
Package pdftex.def Info: ../images/DMC1871000000.png  used on input line 558.
(pdftex.def)             Requested size: 460.93153pt x 345.75484pt.
 [44 <../images/DMC18710000000.png (PNG copy)>]
[45 <../images/DMC18750000000.png (PNG copy)>]
File: ../images/DMC18750000000.png Graphic file (type png)
<use ../images/DMC18750000000.png>
Package pdftex.def Info: ../images/DMC18750000000.png  used on input line 569.
(pdftex.def)             Requested size: 460.93153pt x 345.75484pt.
 [46 <../images/DMC1871000000.png (PNG copy)>]
<../images/pidzaklocenia.png, id=205, 421.51477pt x 316.18124pt>
File: ../images/pidzaklocenia.png Graphic file (type png)
<use ../images/pidzaklocenia.png>
Package pdftex.def Info: ../images/pidzaklocenia.png  used on input line 593.
(pdftex.def)             Requested size: 460.93153pt x 345.75484pt.
 [47]
<../images/dmc001zakl.png, id=209, 421.51477pt x 316.18124pt>
File: ../images/dmc001zakl.png Graphic file (type png)
<use ../images/dmc001zakl.png>
Package pdftex.def Info: ../images/dmc001zakl.png  used on input line 600.
(pdftex.def)             Requested size: 460.93153pt x 345.75484pt.
 [48 <../images/pidzaklocenia.png (PNG copy)>]
<../images/dmc05zakl.png, id=213, 421.51477pt x 316.18124pt>
File: ../images/dmc05zakl.png Graphic file (type png)
<use ../images/dmc05zakl.png>
Package pdftex.def Info: ../images/dmc05zakl.png  used on input line 607.
(pdftex.def)             Requested size: 460.93153pt x 345.75484pt.
 [49 <../images/dmc001zakl.png (PNG copy)>]
File: ../images/ocenaPIDMI_przereg.png Graphic file (type png)
<use ../images/ocenaPIDMI_przereg.png>
Package pdftex.def Info: ../images/ocenaPIDMI_przereg.png  used on input line 6
20.
(pdftex.def)             Requested size: 460.93153pt x 345.75484pt.
 [50 <../images/dmc05zakl.png (PNG copy)>]
<../images/ocenaDMC_przereg.png, id=221, 735.34724pt x 462.528pt>
File: ../images/ocenaDMC_przereg.png Graphic file (type png)
<use ../images/ocenaDMC_przereg.png>
Package pdftex.def Info: ../images/ocenaDMC_przereg.png  used on input line 627
.
(pdftex.def)             Requested size: 460.93153pt x 289.91913pt.
 [51 <../images/ocenaDMC_przereg.png (PNG copy)>]
File: ../images/ocenaPIDMI.png Graphic file (type png)
<use ../images/ocenaPIDMI.png>
Package pdftex.def Info: ../images/ocenaPIDMI.png  used on input line 639.
(pdftex.def)             Requested size: 460.93153pt x 345.75484pt.
<../images/ocenaDMC.png, id=226, 735.34724pt x 462.528pt>
File: ../images/ocenaDMC.png Graphic file (type png)
<use ../images/ocenaDMC.png>
Package pdftex.def Info: ../images/ocenaDMC.png  used on input line 646.
(pdftex.def)             Requested size: 460.93153pt x 289.91913pt.
 [52]
File: ../images/MI_11.png Graphic file (type png)
<use ../images/MI_11.png>
Package pdftex.def Info: ../images/MI_11.png  used on input line 656.
(pdftex.def)             Requested size: 460.93153pt x 345.75484pt.
 [53 <../images/ocenaDMC.png (PNG copy)>]
File: ../images/DMC18750000000.png Graphic file (type png)
<use ../images/DMC18750000000.png>
Package pdftex.def Info: ../images/DMC18750000000.png  used on input line 663.
(pdftex.def)             Requested size: 460.93153pt x 345.75484pt.
 [54] [55] [56] (./document.aux)

LaTeX Warning: There were undefined references.


LaTeX Warning: There were multiply-defined labels.

 ) 
Here is how much of TeX's memory you used:
 5991 strings out of 492982
 81126 string characters out of 6134895
 171937 words of memory out of 5000000
 9388 multiletter control sequences out of 15000+600000
 16299 words of font info for 51 fonts, out of 8000000 for 9000
 1141 hyphenation exceptions out of 8191
 41i,9n,32p,1278b,1228s stack positions out of 5000i,500n,10000p,200000b,80000s
{/usr/share/texlive/texmf-dist/fonts/enc/dvips/pl/plmi.enc}{/usr/share/texliv
e/texmf-dist/fonts/enc/dvips/pl/plms.enc}{/usr/share/texlive/texmf-dist/fonts/e
nc/dvips/pl/plme.enc}{/usr/share/texlive/texmf-dist/fonts/enc/dvips/pl/plrm.enc
}{/usr/share/texlive/texmf-dist/fonts/enc/dvips/pl/plit.enc}</usr/share/texlive
/texmf-dist/fonts/type1/public/amsfonts/cm/cmmi10.pfb></usr/share/texlive/texmf
-dist/fonts/type1/public/amsfonts/cm/cmsy10.pfb></usr/share/texlive/texmf-dist/
fonts/type1/public/pl/plbx10.pfb></usr/share/texlive/texmf-dist/fonts/type1/pub
lic/pl/plbx12.pfb></usr/share/texlive/texmf-dist/fonts/type1/public/pl/plex10.p
fb></usr/share/texlive/texmf-dist/fonts/type1/public/pl/plmi10.pfb></usr/share/
texlive/texmf-dist/fonts/type1/public/pl/plmi12.pfb></usr/share/texlive/texmf-d
ist/fonts/type1/public/pl/plmi5.pfb></usr/share/texlive/texmf-dist/fonts/type1/
public/pl/plmi7.pfb></usr/share/texlive/texmf-dist/fonts/type1/public/pl/plr10.
pfb></usr/share/texlive/texmf-dist/fonts/type1/public/pl/plr12.pfb></usr/share/
texlive/texmf-dist/fonts/type1/public/pl/plr17.pfb></usr/share/texlive/texmf-di
st/fonts/type1/public/pl/plr7.pfb></usr/share/texlive/texmf-dist/fonts/type1/pu
blic/pl/plsy10.pfb></usr/share/texlive/texmf-dist/fonts/type1/public/pl/plsy7.p
fb></usr/share/texlive/texmf-dist/fonts/type1/public/pl/plti10.pfb>
Output written on document.pdf (56 pages, 6365388 bytes).
PDF statistics:
 301 PDF objects out of 1000 (max. 8388607)
 179 compressed objects within 2 object streams
 0 named destinations out of 1000 (max. 500000)
 231 words of extra memory for PDF output out of 10000 (max. 10000000)

